<?xml version="1.0" encoding="UTF-8" ?>
<testsuite tests="2" failures="0" name="clientes.ClienteTest" time="0.016" errors="0" skipped="0">
  <properties>
[...]
</properties>
  <testcase classname="clientes.ClienteTest" name="calcularCargo_ConClienteNuevoUnHistorialDeLlamadaRegularNocturnaFinSemana_RetornaPrecioValido" time="0.016"/>
  <testcase classname="clientes.ClienteTest" name="calcularCargo_ConClienteExistenteYUnHistorialDeLlamadaRegularNocturnaFinSemana_RetornaPrecioValido" time="0"/>
</testsuite>